<?xml version="1.0" encoding="UTF-8"?>
<!-- Generated by org.testng.reporters.JUnitXMLReporter -->
<testsuite hostname="radmin-pc" name="test_Lenovo K6 Power 7.0.0" tests="2" failures="2" timestamp="6 Mar 2019 13:19:02 GMT" time="117.158" errors="0">
  <testcase name="test1" time="1.408" classname="com.pcloudy.testng.TestClass1">
    <failure type="org.openqa.selenium.NoSuchElementException" message="An element could not be located on the page using the given search parameters. (WARNING: The server did not provide any stacktrace information)
Command duration or timeout: 212 milliseconds
For documentation on this error, please visit: http://seleniumhq.org/exceptions/no_such_element.html
Build info: version: &amp;apos;3.0.1&amp;apos;, revision: &amp;apos;1969d75&amp;apos;, time: &amp;apos;2016-10-18 09:49:13 -0700&amp;apos;
System info: host: &amp;apos;radmin-pc&amp;apos;, ip: &amp;apos;127.0.1.1&amp;apos;, os.name: &amp;apos;Linux&amp;apos;, os.arch: &amp;apos;amd64&amp;apos;, os.version: &amp;apos;4.4.0-31-generic&amp;apos;, java.version: &amp;apos;1.8.0_181&amp;apos;
Driver info: io.appium.java_client.android.AndroidDriver
Capabilities [{app=/home/radmin/build/raid-data/data/user/66309/rid/K6-Power-Appium-Session-1551878169.cycle/pCloudy Appium Demo.apk, appPackage=com.pcloudy.appiumdemo, rotatable=true, deviceScreenSize=1080x1920, networkConnectionEnabled=true, warnings={}, databaseEnabled=false, launchTimeout=90000, deviceName=3ec4da35, platform=LINUX, deviceUDID=3ec4da35, appActivity=com.ba.mobile.LaunchActivity, desired={app=/home/radmin/build/raid-data/data/user/66309/rid/K6-Power-Appium-Session-1551878169.cycle/pCloudy Appium Demo.apk, appPackage=com.pcloudy.appiumdemo, appActivity=com.ba.mobile.LaunchActivity, rotatable=true, newCommandTimeout=600, udid=3ec4da35, platformName=Android, launchTimeout=90000, deviceName=199}, newCommandTimeout=600, platformVersion=7.0, webStorageEnabled=false, locationContextEnabled=false, takesScreenshot=true, javascriptEnabled=true, deviceModel=Lenovo K33a42, udid=3ec4da35, platformName=Android, deviceManufacturer=LENOVO}]
Session ID: d7db82c9-d506-429e-829a-582463ca167e
*** Element info: {Using=xpath, value=//android.widget.Button[@resource-id=&amp;apos;com.pcloudy.appiumdemo:id/accept&amp;apos; and @text=&amp;apos;Accept&amp;apos;]}">
      <![CDATA[org.openqa.selenium.NoSuchElementException: An element could not be located on the page using the given search parameters. (WARNING: The server did not provide any stacktrace information)
Command duration or timeout: 212 milliseconds
For documentation on this error, please visit: http://seleniumhq.org/exceptions/no_such_element.html
Build info: version: '3.0.1', revision: '1969d75', time: '2016-10-18 09:49:13 -0700'
System info: host: 'radmin-pc', ip: '127.0.1.1', os.name: 'Linux', os.arch: 'amd64', os.version: '4.4.0-31-generic', java.version: '1.8.0_181'
Driver info: io.appium.java_client.android.AndroidDriver
Capabilities [{app=/home/radmin/build/raid-data/data/user/66309/rid/K6-Power-Appium-Session-1551878169.cycle/pCloudy Appium Demo.apk, appPackage=com.pcloudy.appiumdemo, rotatable=true, deviceScreenSize=1080x1920, networkConnectionEnabled=true, warnings={}, databaseEnabled=false, launchTimeout=90000, deviceName=3ec4da35, platform=LINUX, deviceUDID=3ec4da35, appActivity=com.ba.mobile.LaunchActivity, desired={app=/home/radmin/build/raid-data/data/user/66309/rid/K6-Power-Appium-Session-1551878169.cycle/pCloudy Appium Demo.apk, appPackage=com.pcloudy.appiumdemo, appActivity=com.ba.mobile.LaunchActivity, rotatable=true, newCommandTimeout=600, udid=3ec4da35, platformName=Android, launchTimeout=90000, deviceName=199}, newCommandTimeout=600, platformVersion=7.0, webStorageEnabled=false, locationContextEnabled=false, takesScreenshot=true, javascriptEnabled=true, deviceModel=Lenovo K33a42, udid=3ec4da35, platformName=Android, deviceManufacturer=LENOVO}]
Session ID: d7db82c9-d506-429e-829a-582463ca167e
*** Element info: {Using=xpath, value=//android.widget.Button[@resource-id='com.pcloudy.appiumdemo:id/accept' and @text='Accept']}
	at org.openqa.selenium.remote.ErrorHandler.createThrowable(ErrorHandler.java:216)
	at org.openqa.selenium.remote.ErrorHandler.throwIfResponseFailed(ErrorHandler.java:168)
	at org.openqa.selenium.remote.RemoteWebDriver.execute(RemoteWebDriver.java:635)
	at io.appium.java_client.DefaultGenericMobileDriver.execute(DefaultGenericMobileDriver.java:42)
	at io.appium.java_client.AppiumDriver.execute(AppiumDriver.java:1)
	at io.appium.java_client.android.AndroidDriver.execute(AndroidDriver.java:1)
	at org.openqa.selenium.remote.RemoteWebDriver.findElement(RemoteWebDriver.java:368)
	at io.appium.java_client.DefaultGenericMobileDriver.findElement(DefaultGenericMobileDriver.java:62)
	at io.appium.java_client.AppiumDriver.findElement(AppiumDriver.java:1)
	at io.appium.java_client.android.AndroidDriver.findElement(AndroidDriver.java:1)
	at org.openqa.selenium.remote.RemoteWebDriver.findElementByXPath(RemoteWebDriver.java:473)
	at io.appium.java_client.DefaultGenericMobileDriver.findElementByXPath(DefaultGenericMobileDriver.java:140)
	at io.appium.java_client.AppiumDriver.findElementByXPath(AppiumDriver.java:1)
	at io.appium.java_client.android.AndroidDriver.findElementByXPath(AndroidDriver.java:1)
	at org.openqa.selenium.By$ByXPath.findElement(By.java:361)
	at org.openqa.selenium.remote.RemoteWebDriver.findElement(RemoteWebDriver.java:360)
	at io.appium.java_client.DefaultGenericMobileDriver.findElement(DefaultGenericMobileDriver.java:58)
	at io.appium.java_client.AppiumDriver.findElement(AppiumDriver.java:1)
	at io.appium.java_client.android.AndroidDriver.findElement(AndroidDriver.java:1)
	at com.pcloudy.testng.TestClass1.test1(TestClass1.java:30)
	at java.util.concurrent.FutureTask.run(FutureTask.java:266)
	at java.util.concurrent.ThreadPoolExecutor.runWorker(ThreadPoolExecutor.java:1149)
	at java.util.concurrent.ThreadPoolExecutor$Worker.run(ThreadPoolExecutor.java:624)
	at java.lang.Thread.run(Thread.java:748)
... Removed 20 stack frames]]>
    </failure>
  </testcase> <!-- test1 -->
  <testcase name="test2" time="1.306" classname="com.pcloudy.testng.TestClass2">
    <failure type="org.openqa.selenium.NoSuchElementException" message="An element could not be located on the page using the given search parameters. (WARNING: The server did not provide any stacktrace information)
Command duration or timeout: 195 milliseconds
For documentation on this error, please visit: http://seleniumhq.org/exceptions/no_such_element.html
Build info: version: &amp;apos;3.0.1&amp;apos;, revision: &amp;apos;1969d75&amp;apos;, time: &amp;apos;2016-10-18 09:49:13 -0700&amp;apos;
System info: host: &amp;apos;radmin-pc&amp;apos;, ip: &amp;apos;127.0.1.1&amp;apos;, os.name: &amp;apos;Linux&amp;apos;, os.arch: &amp;apos;amd64&amp;apos;, os.version: &amp;apos;4.4.0-31-generic&amp;apos;, java.version: &amp;apos;1.8.0_181&amp;apos;
Driver info: io.appium.java_client.android.AndroidDriver
Capabilities [{app=/home/radmin/build/raid-data/data/user/66309/rid/K6-Power-Appium-Session-1551878169.cycle/pCloudy Appium Demo.apk, appPackage=com.pcloudy.appiumdemo, rotatable=true, deviceScreenSize=1080x1920, networkConnectionEnabled=true, warnings={}, databaseEnabled=false, launchTimeout=90000, deviceName=3ec4da35, platform=LINUX, deviceUDID=3ec4da35, appActivity=com.ba.mobile.LaunchActivity, desired={app=/home/radmin/build/raid-data/data/user/66309/rid/K6-Power-Appium-Session-1551878169.cycle/pCloudy Appium Demo.apk, appPackage=com.pcloudy.appiumdemo, appActivity=com.ba.mobile.LaunchActivity, rotatable=true, newCommandTimeout=600, udid=3ec4da35, platformName=Android, launchTimeout=90000, deviceName=199}, newCommandTimeout=600, platformVersion=7.0, webStorageEnabled=false, locationContextEnabled=false, takesScreenshot=true, javascriptEnabled=true, deviceModel=Lenovo K33a42, udid=3ec4da35, platformName=Android, deviceManufacturer=LENOVO}]
Session ID: bdf0211a-b9d6-4586-9b1f-0d23243fc674
*** Element info: {Using=xpath, value=//android.widget.Button[@resource-id=&amp;apos;com.pcloudy.appiumdemo:id/accept&amp;apos; and @text=&amp;apos;Accept&amp;apos;]}">
      <![CDATA[org.openqa.selenium.NoSuchElementException: An element could not be located on the page using the given search parameters. (WARNING: The server did not provide any stacktrace information)
Command duration or timeout: 195 milliseconds
For documentation on this error, please visit: http://seleniumhq.org/exceptions/no_such_element.html
Build info: version: '3.0.1', revision: '1969d75', time: '2016-10-18 09:49:13 -0700'
System info: host: 'radmin-pc', ip: '127.0.1.1', os.name: 'Linux', os.arch: 'amd64', os.version: '4.4.0-31-generic', java.version: '1.8.0_181'
Driver info: io.appium.java_client.android.AndroidDriver
Capabilities [{app=/home/radmin/build/raid-data/data/user/66309/rid/K6-Power-Appium-Session-1551878169.cycle/pCloudy Appium Demo.apk, appPackage=com.pcloudy.appiumdemo, rotatable=true, deviceScreenSize=1080x1920, networkConnectionEnabled=true, warnings={}, databaseEnabled=false, launchTimeout=90000, deviceName=3ec4da35, platform=LINUX, deviceUDID=3ec4da35, appActivity=com.ba.mobile.LaunchActivity, desired={app=/home/radmin/build/raid-data/data/user/66309/rid/K6-Power-Appium-Session-1551878169.cycle/pCloudy Appium Demo.apk, appPackage=com.pcloudy.appiumdemo, appActivity=com.ba.mobile.LaunchActivity, rotatable=true, newCommandTimeout=600, udid=3ec4da35, platformName=Android, launchTimeout=90000, deviceName=199}, newCommandTimeout=600, platformVersion=7.0, webStorageEnabled=false, locationContextEnabled=false, takesScreenshot=true, javascriptEnabled=true, deviceModel=Lenovo K33a42, udid=3ec4da35, platformName=Android, deviceManufacturer=LENOVO}]
Session ID: bdf0211a-b9d6-4586-9b1f-0d23243fc674
*** Element info: {Using=xpath, value=//android.widget.Button[@resource-id='com.pcloudy.appiumdemo:id/accept' and @text='Accept']}
	at org.openqa.selenium.remote.ErrorHandler.createThrowable(ErrorHandler.java:216)
	at org.openqa.selenium.remote.ErrorHandler.throwIfResponseFailed(ErrorHandler.java:168)
	at org.openqa.selenium.remote.RemoteWebDriver.execute(RemoteWebDriver.java:635)
	at io.appium.java_client.DefaultGenericMobileDriver.execute(DefaultGenericMobileDriver.java:42)
	at io.appium.java_client.AppiumDriver.execute(AppiumDriver.java:1)
	at io.appium.java_client.android.AndroidDriver.execute(AndroidDriver.java:1)
	at org.openqa.selenium.remote.RemoteWebDriver.findElement(RemoteWebDriver.java:368)
	at io.appium.java_client.DefaultGenericMobileDriver.findElement(DefaultGenericMobileDriver.java:62)
	at io.appium.java_client.AppiumDriver.findElement(AppiumDriver.java:1)
	at io.appium.java_client.android.AndroidDriver.findElement(AndroidDriver.java:1)
	at org.openqa.selenium.remote.RemoteWebDriver.findElementByXPath(RemoteWebDriver.java:473)
	at io.appium.java_client.DefaultGenericMobileDriver.findElementByXPath(DefaultGenericMobileDriver.java:140)
	at io.appium.java_client.AppiumDriver.findElementByXPath(AppiumDriver.java:1)
	at io.appium.java_client.android.AndroidDriver.findElementByXPath(AndroidDriver.java:1)
	at org.openqa.selenium.By$ByXPath.findElement(By.java:361)
	at org.openqa.selenium.remote.RemoteWebDriver.findElement(RemoteWebDriver.java:360)
	at io.appium.java_client.DefaultGenericMobileDriver.findElement(DefaultGenericMobileDriver.java:58)
	at io.appium.java_client.AppiumDriver.findElement(AppiumDriver.java:1)
	at io.appium.java_client.android.AndroidDriver.findElement(AndroidDriver.java:1)
	at com.pcloudy.testng.TestClass2.test2(TestClass2.java:30)
	at java.util.concurrent.FutureTask.run(FutureTask.java:266)
	at java.util.concurrent.ThreadPoolExecutor.runWorker(ThreadPoolExecutor.java:1149)
	at java.util.concurrent.ThreadPoolExecutor$Worker.run(ThreadPoolExecutor.java:624)
	at java.lang.Thread.run(Thread.java:748)
... Removed 20 stack frames]]>
    </failure>
  </testcase> <!-- test2 -->
</testsuite> <!-- test_Lenovo K6 Power 7.0.0 -->
