<?xml version="1.0" encoding="UTF-8"?>
<!-- Generated by org.testng.reporters.JUnitXMLReporter -->
<testsuite hostname="radmin-pc" name="test_Lg G6 7.0.0" tests="2" failures="2" timestamp="14 Mar 2019 09:21:25 GMT" time="57.958" errors="0">
  <testcase name="test1" time="4.85" classname="com.pcloudy.testng.TestClass1">
    <failure type="org.openqa.selenium.NoSuchElementException" message="An element could not be located on the page using the given search parameters. (WARNING: The server did not provide any stacktrace information)
Command duration or timeout: 388 milliseconds
For documentation on this error, please visit: http://seleniumhq.org/exceptions/no_such_element.html
Build info: version: &amp;apos;3.0.1&amp;apos;, revision: &amp;apos;1969d75&amp;apos;, time: &amp;apos;2016-10-18 09:49:13 -0700&amp;apos;
System info: host: &amp;apos;radmin-pc&amp;apos;, ip: &amp;apos;127.0.1.1&amp;apos;, os.name: &amp;apos;Linux&amp;apos;, os.arch: &amp;apos;amd64&amp;apos;, os.version: &amp;apos;4.4.0-31-generic&amp;apos;, java.version: &amp;apos;1.8.0_181&amp;apos;
Driver info: io.appium.java_client.android.AndroidDriver
Capabilities [{appPackage=com.pcloudy.appiumdemo, app=/Users/radmin/build/raid-data/data/user/68/rid/Galaxy-S9+-Appium-Session-1552555170.cycle/G6_7.0.0/pCloudy Appium Demo.apk, rotatable=true, deviceScreenSize=1440x2880, networkConnectionEnabled=true, warnings={}, databaseEnabled=false, launchTimeout=90000, deviceName=LGH87297b737ad, platform=LINUX, deviceUDID=LGH87297b737ad, appActivity=com.ba.mobile.LaunchActivity, desired={appPackage=com.pcloudy.appiumdemo, appActivity=com.ba.mobile.LaunchActivity, app=/Users/radmin/build/raid-data/data/user/68/rid/Galaxy-S9+-Appium-Session-1552555170.cycle/G6_7.0.0/pCloudy Appium Demo.apk, rotatable=true, newCommandTimeout=600, platformName=Android, udid=LGH87297b737ad, launchTimeout=90000, deviceName=16}, newCommandTimeout=600, platformVersion=7.0, webStorageEnabled=false, locationContextEnabled=false, takesScreenshot=true, javascriptEnabled=true, deviceModel=LG-H872, platformName=Android, udid=LGH87297b737ad, deviceManufacturer=LGE}]
Session ID: 9ade86be-6ed7-41c9-be0f-ee42bb4e3360
*** Element info: {Using=xpath, value=//android.widget.Button[@resource-id=&amp;apos;com.pcloudy.appiumdemo:id/accept&amp;apos; and @text=&amp;apos;Accept&amp;apos;]}">
      <![CDATA[org.openqa.selenium.NoSuchElementException: An element could not be located on the page using the given search parameters. (WARNING: The server did not provide any stacktrace information)
Command duration or timeout: 388 milliseconds
For documentation on this error, please visit: http://seleniumhq.org/exceptions/no_such_element.html
Build info: version: '3.0.1', revision: '1969d75', time: '2016-10-18 09:49:13 -0700'
System info: host: 'radmin-pc', ip: '127.0.1.1', os.name: 'Linux', os.arch: 'amd64', os.version: '4.4.0-31-generic', java.version: '1.8.0_181'
Driver info: io.appium.java_client.android.AndroidDriver
Capabilities [{appPackage=com.pcloudy.appiumdemo, app=/Users/radmin/build/raid-data/data/user/68/rid/Galaxy-S9+-Appium-Session-1552555170.cycle/G6_7.0.0/pCloudy Appium Demo.apk, rotatable=true, deviceScreenSize=1440x2880, networkConnectionEnabled=true, warnings={}, databaseEnabled=false, launchTimeout=90000, deviceName=LGH87297b737ad, platform=LINUX, deviceUDID=LGH87297b737ad, appActivity=com.ba.mobile.LaunchActivity, desired={appPackage=com.pcloudy.appiumdemo, appActivity=com.ba.mobile.LaunchActivity, app=/Users/radmin/build/raid-data/data/user/68/rid/Galaxy-S9+-Appium-Session-1552555170.cycle/G6_7.0.0/pCloudy Appium Demo.apk, rotatable=true, newCommandTimeout=600, platformName=Android, udid=LGH87297b737ad, launchTimeout=90000, deviceName=16}, newCommandTimeout=600, platformVersion=7.0, webStorageEnabled=false, locationContextEnabled=false, takesScreenshot=true, javascriptEnabled=true, deviceModel=LG-H872, platformName=Android, udid=LGH87297b737ad, deviceManufacturer=LGE}]
Session ID: 9ade86be-6ed7-41c9-be0f-ee42bb4e3360
*** Element info: {Using=xpath, value=//android.widget.Button[@resource-id='com.pcloudy.appiumdemo:id/accept' and @text='Accept']}
	at org.openqa.selenium.remote.ErrorHandler.createThrowable(ErrorHandler.java:216)
	at org.openqa.selenium.remote.ErrorHandler.throwIfResponseFailed(ErrorHandler.java:168)
	at org.openqa.selenium.remote.RemoteWebDriver.execute(RemoteWebDriver.java:635)
	at io.appium.java_client.DefaultGenericMobileDriver.execute(DefaultGenericMobileDriver.java:42)
	at io.appium.java_client.AppiumDriver.execute(AppiumDriver.java:1)
	at io.appium.java_client.android.AndroidDriver.execute(AndroidDriver.java:1)
	at org.openqa.selenium.remote.RemoteWebDriver.findElement(RemoteWebDriver.java:368)
	at io.appium.java_client.DefaultGenericMobileDriver.findElement(DefaultGenericMobileDriver.java:62)
	at io.appium.java_client.AppiumDriver.findElement(AppiumDriver.java:1)
	at io.appium.java_client.android.AndroidDriver.findElement(AndroidDriver.java:1)
	at org.openqa.selenium.remote.RemoteWebDriver.findElementByXPath(RemoteWebDriver.java:473)
	at io.appium.java_client.DefaultGenericMobileDriver.findElementByXPath(DefaultGenericMobileDriver.java:140)
	at io.appium.java_client.AppiumDriver.findElementByXPath(AppiumDriver.java:1)
	at io.appium.java_client.android.AndroidDriver.findElementByXPath(AndroidDriver.java:1)
	at org.openqa.selenium.By$ByXPath.findElement(By.java:361)
	at org.openqa.selenium.remote.RemoteWebDriver.findElement(RemoteWebDriver.java:360)
	at io.appium.java_client.DefaultGenericMobileDriver.findElement(DefaultGenericMobileDriver.java:58)
	at io.appium.java_client.AppiumDriver.findElement(AppiumDriver.java:1)
	at io.appium.java_client.android.AndroidDriver.findElement(AndroidDriver.java:1)
	at com.pcloudy.testng.TestClass1.test1(TestClass1.java:30)
	at java.util.concurrent.FutureTask.run(FutureTask.java:266)
	at java.util.concurrent.ThreadPoolExecutor.runWorker(ThreadPoolExecutor.java:1149)
	at java.util.concurrent.ThreadPoolExecutor$Worker.run(ThreadPoolExecutor.java:624)
	at java.lang.Thread.run(Thread.java:748)
... Removed 20 stack frames]]>
    </failure>
  </testcase> <!-- test1 -->
  <testcase name="test2" time="5.619" classname="com.pcloudy.testng.TestClass2">
    <failure type="org.openqa.selenium.NoSuchElementException" message="An element could not be located on the page using the given search parameters. (WARNING: The server did not provide any stacktrace information)
Command duration or timeout: 383 milliseconds
For documentation on this error, please visit: http://seleniumhq.org/exceptions/no_such_element.html
Build info: version: &amp;apos;3.0.1&amp;apos;, revision: &amp;apos;1969d75&amp;apos;, time: &amp;apos;2016-10-18 09:49:13 -0700&amp;apos;
System info: host: &amp;apos;radmin-pc&amp;apos;, ip: &amp;apos;127.0.1.1&amp;apos;, os.name: &amp;apos;Linux&amp;apos;, os.arch: &amp;apos;amd64&amp;apos;, os.version: &amp;apos;4.4.0-31-generic&amp;apos;, java.version: &amp;apos;1.8.0_181&amp;apos;
Driver info: io.appium.java_client.android.AndroidDriver
Capabilities [{appPackage=com.pcloudy.appiumdemo, app=/Users/radmin/build/raid-data/data/user/68/rid/Galaxy-S9+-Appium-Session-1552555170.cycle/G6_7.0.0/pCloudy Appium Demo.apk, rotatable=true, deviceScreenSize=1440x2880, networkConnectionEnabled=true, warnings={}, databaseEnabled=false, launchTimeout=90000, deviceName=LGH87297b737ad, platform=LINUX, deviceUDID=LGH87297b737ad, appActivity=com.ba.mobile.LaunchActivity, desired={appPackage=com.pcloudy.appiumdemo, appActivity=com.ba.mobile.LaunchActivity, app=/Users/radmin/build/raid-data/data/user/68/rid/Galaxy-S9+-Appium-Session-1552555170.cycle/G6_7.0.0/pCloudy Appium Demo.apk, rotatable=true, newCommandTimeout=600, platformName=Android, udid=LGH87297b737ad, launchTimeout=90000, deviceName=16}, newCommandTimeout=600, platformVersion=7.0, webStorageEnabled=false, locationContextEnabled=false, takesScreenshot=true, javascriptEnabled=true, deviceModel=LG-H872, platformName=Android, udid=LGH87297b737ad, deviceManufacturer=LGE}]
Session ID: 2e412762-ba1e-4eb2-a47e-927e9332b34e
*** Element info: {Using=xpath, value=//android.widget.Button[@resource-id=&amp;apos;com.pcloudy.appiumdemo:id/accept&amp;apos; and @text=&amp;apos;Accept&amp;apos;]}">
      <![CDATA[org.openqa.selenium.NoSuchElementException: An element could not be located on the page using the given search parameters. (WARNING: The server did not provide any stacktrace information)
Command duration or timeout: 383 milliseconds
For documentation on this error, please visit: http://seleniumhq.org/exceptions/no_such_element.html
Build info: version: '3.0.1', revision: '1969d75', time: '2016-10-18 09:49:13 -0700'
System info: host: 'radmin-pc', ip: '127.0.1.1', os.name: 'Linux', os.arch: 'amd64', os.version: '4.4.0-31-generic', java.version: '1.8.0_181'
Driver info: io.appium.java_client.android.AndroidDriver
Capabilities [{appPackage=com.pcloudy.appiumdemo, app=/Users/radmin/build/raid-data/data/user/68/rid/Galaxy-S9+-Appium-Session-1552555170.cycle/G6_7.0.0/pCloudy Appium Demo.apk, rotatable=true, deviceScreenSize=1440x2880, networkConnectionEnabled=true, warnings={}, databaseEnabled=false, launchTimeout=90000, deviceName=LGH87297b737ad, platform=LINUX, deviceUDID=LGH87297b737ad, appActivity=com.ba.mobile.LaunchActivity, desired={appPackage=com.pcloudy.appiumdemo, appActivity=com.ba.mobile.LaunchActivity, app=/Users/radmin/build/raid-data/data/user/68/rid/Galaxy-S9+-Appium-Session-1552555170.cycle/G6_7.0.0/pCloudy Appium Demo.apk, rotatable=true, newCommandTimeout=600, platformName=Android, udid=LGH87297b737ad, launchTimeout=90000, deviceName=16}, newCommandTimeout=600, platformVersion=7.0, webStorageEnabled=false, locationContextEnabled=false, takesScreenshot=true, javascriptEnabled=true, deviceModel=LG-H872, platformName=Android, udid=LGH87297b737ad, deviceManufacturer=LGE}]
Session ID: 2e412762-ba1e-4eb2-a47e-927e9332b34e
*** Element info: {Using=xpath, value=//android.widget.Button[@resource-id='com.pcloudy.appiumdemo:id/accept' and @text='Accept']}
	at org.openqa.selenium.remote.ErrorHandler.createThrowable(ErrorHandler.java:216)
	at org.openqa.selenium.remote.ErrorHandler.throwIfResponseFailed(ErrorHandler.java:168)
	at org.openqa.selenium.remote.RemoteWebDriver.execute(RemoteWebDriver.java:635)
	at io.appium.java_client.DefaultGenericMobileDriver.execute(DefaultGenericMobileDriver.java:42)
	at io.appium.java_client.AppiumDriver.execute(AppiumDriver.java:1)
	at io.appium.java_client.android.AndroidDriver.execute(AndroidDriver.java:1)
	at org.openqa.selenium.remote.RemoteWebDriver.findElement(RemoteWebDriver.java:368)
	at io.appium.java_client.DefaultGenericMobileDriver.findElement(DefaultGenericMobileDriver.java:62)
	at io.appium.java_client.AppiumDriver.findElement(AppiumDriver.java:1)
	at io.appium.java_client.android.AndroidDriver.findElement(AndroidDriver.java:1)
	at org.openqa.selenium.remote.RemoteWebDriver.findElementByXPath(RemoteWebDriver.java:473)
	at io.appium.java_client.DefaultGenericMobileDriver.findElementByXPath(DefaultGenericMobileDriver.java:140)
	at io.appium.java_client.AppiumDriver.findElementByXPath(AppiumDriver.java:1)
	at io.appium.java_client.android.AndroidDriver.findElementByXPath(AndroidDriver.java:1)
	at org.openqa.selenium.By$ByXPath.findElement(By.java:361)
	at org.openqa.selenium.remote.RemoteWebDriver.findElement(RemoteWebDriver.java:360)
	at io.appium.java_client.DefaultGenericMobileDriver.findElement(DefaultGenericMobileDriver.java:58)
	at io.appium.java_client.AppiumDriver.findElement(AppiumDriver.java:1)
	at io.appium.java_client.android.AndroidDriver.findElement(AndroidDriver.java:1)
	at com.pcloudy.testng.TestClass2.test2(TestClass2.java:30)
	at java.util.concurrent.FutureTask.run(FutureTask.java:266)
	at java.util.concurrent.ThreadPoolExecutor.runWorker(ThreadPoolExecutor.java:1149)
	at java.util.concurrent.ThreadPoolExecutor$Worker.run(ThreadPoolExecutor.java:624)
	at java.lang.Thread.run(Thread.java:748)
... Removed 20 stack frames]]>
    </failure>
  </testcase> <!-- test2 -->
</testsuite> <!-- test_Lg G6 7.0.0 -->
